{"meta": {"format": 3, "version": "7.12.0", "timestamp": "2025-11-27T21:48:21.488891", "branch_coverage": false, "show_contexts": false}, "files": {"input/function_spec.py": {"executed_lines": [1, 8, 9, 12, 90, 91, 93, 94, 96, 97, 100, 101, 103, 104, 105, 106, 109, 115, 118, 119, 120, 121, 122, 125, 127, 130, 131, 134, 136], "summary": {"covered_lines": 28, "num_statements": 28, "percent_covered": 100.0, "percent_covered_display": "100", "missing_lines": 0, "excluded_lines": 0, "percent_statements_covered": 100.0, "percent_statements_covered_display": "100"}, "missing_lines": [], "excluded_lines": [], "functions": {"calculate_discount": {"executed_lines": [90, 91, 93, 94, 96, 97, 100, 101, 103, 104, 105, 106, 109, 115, 118, 119, 120, 121, 122, 125, 127, 130, 131, 134, 136], "summary": {"covered_lines": 25, "num_statements": 25, "percent_covered": 100.0, "percent_covered_display": "100", "missing_lines": 0, "excluded_lines": 0, "percent_statements_covered": 100.0, "percent_statements_covered_display": "100"}, "missing_lines": [], "excluded_lines": []}, "": {"executed_lines": [1, 8, 9, 12], "summary": {"covered_lines": 3, "num_statements": 3, "percent_covered": 100.0, "percent_covered_display": "100", "missing_lines": 0, "excluded_lines": 0, "percent_statements_covered": 100.0, "percent_statements_covered_display": "100"}, "missing_lines": [], "excluded_lines": []}}, "classes": {"": {"executed_lines": [1, 8, 9, 12, 90, 91, 93, 94, 96, 97, 100, 101, 103, 104, 105, 106, 109, 115, 118, 119, 120, 121, 122, 125, 127, 130, 131, 134, 136], "summary": {"covered_lines": 28, "num_statements": 28, "percent_covered": 100.0, "percent_covered_display": "100", "missing_lines": 0, "excluded_lines": 0, "percent_statements_covered": 100.0, "percent_statements_covered_display": "100"}, "missing_lines": [], "excluded_lines": []}}}}, "totals": {"covered_lines": 28, "num_statements": 28, "percent_covered": 100.0, "percent_covered_display": "100", "missing_lines": 0, "excluded_lines": 0, "percent_statements_covered": 100.0, "percent_statements_covered_display": "100"}}